1631019220722:sum 1 2
1647781605874:add
1647781608807:sum
1647781623314:sum --a 4 --b 3
1648015956590:create
1648016313079:save --json "teste"
1648017072230:save --json "test2" --label "test label 1"
1648017154163:save --json "test2" --label "111!\n"
1648017627718:save
1648018056530:save --type "111"
1648018698067:save --type "11"
1648018886811:save --json "1"
1648023980379:sava --json "1!\n"
1648023994162:save --json "1"
1648024285804:exit
1648024338025:save --json 2
1648024380212:save --type 1
1648024781013:echo --name alisson
1648024920615:echo --named e
1648024931315:echo --name 212
